/*C13*/SET SCHEMA PUBLIC
INSERT INTO CIAAEREA VALUES(5,'TAM')
COMMIT
INSERT INTO CIAAEREA VALUES(6,'TAM')
COMMIT
INSERT INTO CIAAEREA VALUES(7,'TAM')
COMMIT
DISCONNECT
/*C14*/SET SCHEMA PUBLIC
INSERT INTO CIAAEREA VALUES(8,'TAM')
COMMIT
INSERT INTO CIAAEREA VALUES(9,'TAM')
COMMIT
INSERT INTO CIAAEREA VALUES(10,'TAM')
COMMIT
DISCONNECT
/*C15*/SET SCHEMA PUBLIC
INSERT INTO CIAAEREA VALUES(11,'TAM')
COMMIT
DISCONNECT
/*C16*/SET SCHEMA PUBLIC
INSERT INTO CIAAEREA VALUES(12,'TAM')
COMMIT
DISCONNECT
/*C17*/SET SCHEMA PUBLIC
INSERT INTO CIAAEREA VALUES(13,'TAM')
COMMIT
/*C18*/SET SCHEMA PUBLIC
DELETE FROM CIAAEREA WHERE ID=13
INSERT INTO CIAAEREA VALUES(13,'Update EN - TAM')
COMMIT
/*C19*/SET SCHEMA PUBLIC
INSERT INTO CIAAEREA VALUES(14,'TAM')
COMMIT
/*C20*/SET SCHEMA PUBLIC
DELETE FROM CIAAEREA WHERE ID=14
COMMIT
INSERT INTO CIAAEREA VALUES(15,'TAM')
DELETE FROM CIAAEREA WHERE ID=15
COMMIT
/*C21*/SET SCHEMA PUBLIC
INSERT INTO CIAAEREA VALUES(16,'TAM')
COMMIT
/*C18*/DISCONNECT
/*C17*/DISCONNECT
/*C21*/DISCONNECT
/*C19*/DISCONNECT
/*C20*/DISCONNECT
/*C12*/SET SCHEMA PUBLIC
CREATE SEQUENCE SEQ_ID_USUARIO AS BIGINT START WITH 1 INCREMENT BY 1
CREATE TABLE ENDERECO(\u000d\u000a\u0009ID\u0009\u0009\u0009\u0009\u0009BIGINT GENERATED BY DEFAULT AS IDENTITY(START WITH 1) NOT NULL PRIMARY KEY,\u000d\u000a\u0009RUA \u0009\u0009\u0009\u0009VARCHAR(50) NOT NULL,\u000d\u000a\u0009NUMERO \u0009\u0009\u0009\u0009INTEGER NOT NULL,\u000d\u000a\u0009COMPLEMENTO\u0009 \u0009\u0009VARCHAR(50) NOT NULL,\u000d\u000a\u0009BAIRRO \u0009\u0009\u0009\u0009VARCHAR(50) NOT NULL,\u000d\u000a\u0009CIDADE \u0009\u0009\u0009\u0009VARCHAR(50) NOT NULL,\u000d\u000a\u0009ESTADO \u0009\u0009\u0009\u0009VARCHAR(50) NOT NULL,\u000d\u000a\u0009PAIS \u0009\u0009\u0009\u0009VARCHAR(50) NOT NULL)
CREATE TABLE AVIAO(\u000d\u000a\u0009ID\u0009\u0009\u0009\u0009\u0009BIGINT GENERATED BY DEFAULT AS IDENTITY(START WITH 1) NOT NULL PRIMARY KEY,\u000d\u000a\u0009ID_CIAAEREA\u0009\u0009\u0009BIGINT NOT NULL,\u000d\u000a\u0009CODIGO\u0009 \u0009\u0009\u0009VARCHAR(20) NOT NULL,\u000d\u000a\u0009CARGA\u0009\u0009\u0009\u0009DOUBLE NOT NULL,\u000d\u000a\u0009CONSTRAINT \u0009\u0009\u0009FK_TB_AVIAO_1 FOREIGN KEY(ID_CIAAEREA) REFERENCES CIAAEREA(ID))
CREATE TABLE AEROPORTO(\u000d\u000a\u0009ID \u0009\u0009\u0009\u0009\u0009BIGINT GENERATED BY DEFAULT AS IDENTITY(START WITH 1) NOT NULL PRIMARY KEY,\u000d\u000a\u0009ID_ENDERECO \u0009\u0009BIGINT NOT NULL,\u000d\u000a\u0009NOME \u0009\u0009\u0009\u0009VARCHAR(50) NOT NULL,\u000d\u000a\u0009CODIGO\u0009 \u0009\u0009\u0009VARCHAR(50) NOT NULL,\u000d\u000a\u0009CONSTRAINT\u0009 \u0009\u0009FK_TB_AEROPORTO_1 FOREIGN KEY(ID_ENDERECO) REFERENCES ENDERECO(ID))
CREATE TABLE ROTA(\u000d\u000a\u0009ID\u0009\u0009\u0009\u0009\u0009BIGINT GENERATED BY DEFAULT AS IDENTITY(START WITH 1) NOT NULL PRIMARY KEY,\u000d\u000a\u0009ID_CIAAEREA\u0009\u0009\u0009BIGINT NOT NULL,\u000d\u000a\u0009ID_ORIGEM\u0009\u0009\u0009BIGINT NOT NULL,\u000d\u000a\u0009ID_DESTINO\u0009\u0009\u0009BIGINT NOT NULL,\u000d\u000a\u0009NOME \u0009\u0009\u0009\u0009VARCHAR(50) NOT NULL,\u000d\u000a\u0009DESCRICAO\u0009\u0009\u0009VARCHAR(200) NOT NULL,\u000d\u000a\u0009CONSTRAINT \u0009\u0009\u0009FK_TB_ROTA_1 FOREIGN KEY(ID_CIAAEREA) REFERENCES CIAAEREA(ID),\u000d\u000a\u0009CONSTRAINT \u0009\u0009\u0009FK_TB_ROTA_2 FOREIGN KEY(ID_ORIGEM) REFERENCES AEROPORTO(ID),\u000d\u000a\u0009CONSTRAINT \u0009\u0009\u0009FK_TB_ROTA_3 FOREIGN KEY(ID_DESTINO) REFERENCES AEROPORTO(ID))
CREATE TABLE PAPEL(\u000d\u000a\u0009ID\u0009\u0009\u0009\u0009\u0009BIGINT GENERATED BY DEFAULT AS IDENTITY(START WITH 1) NOT NULL PRIMARY KEY,\u000d\u000a\u0009ID_CIAAEREA\u0009\u0009\u0009BIGINT NOT NULL,\u000d\u000a\u0009NOME \u0009\u0009\u0009\u0009VARCHAR(50) NOT NULL,\u000d\u000a\u0009DESCRICAO\u0009\u0009\u0009VARCHAR(200) NOT NULL,\u000d\u000a\u0009CONSTRAINT \u0009\u0009\u0009FK_TB_PAPEL_1 FOREIGN KEY(ID_CIAAEREA) REFERENCES CIAAEREA(ID))
CREATE TABLE FUNCIONARIO(\u000d\u000a\u0009ID \u0009\u0009\u0009\u0009\u0009BIGINT GENERATED BY DEFAULT AS SEQUENCE SEQ_ID_USUARIO NOT NULL PRIMARY KEY,\u000d\u000a\u0009ID_ENDERECO \u0009\u0009BIGINT NOT NULL,\u000d\u000a\u0009ID_PAPEL\u0009\u0009\u0009BIGINT NOT NULL,\u000d\u000a\u0009NOME \u0009\u0009\u0009\u0009VARCHAR(50) NOT NULL,\u000d\u000a\u0009EMAIL \u0009\u0009\u0009\u0009VARCHAR(50) NOT NULL,\u000d\u000a\u0009TELEFONE \u0009\u0009\u0009VARCHAR(15) NOT NULL,\u000d\u000a\u0009DATANASCIMENTO \u0009\u0009DATE NOT NULL,\u000d\u000a\u0009USUARIO \u0009\u0009\u0009VARCHAR(50) NOT NULL,\u000d\u000a\u0009SENHA \u0009\u0009\u0009\u0009VARCHAR(50) NOT NULL,\u000d\u000a\u0009CODIGO\u0009 \u0009\u0009\u0009VARCHAR(10) NOT NULL,\u000d\u000a\u0009CONTACORRENTE\u0009\u0009VARCHAR(15) NOT NULL,\u000d\u000a\u0009CONSTRAINT \u0009\u0009\u0009FK_TB_FUNCIONARIO_1 FOREIGN KEY(ID_ENDERECO) REFERENCES ENDERECO(ID),\u000d\u000a\u0009CONSTRAINT \u0009\u0009\u0009FK_TB_FUNCIONARIO_2 FOREIGN KEY(ID_PAPEL) REFERENCES PAPEL(ID))
CREATE TABLE PASSAGEIRO(\u000d\u000a\u0009ID \u0009\u0009\u0009\u0009\u0009BIGINT GENERATED BY DEFAULT AS SEQUENCE SEQ_ID_USUARIO NOT NULL PRIMARY KEY,\u000d\u000a\u0009ID_ENDERECO \u0009\u0009BIGINT NOT NULL,\u000d\u000a\u0009NOME \u0009\u0009\u0009\u0009VARCHAR(50) NOT NULL,\u000d\u000a\u0009EMAIL \u0009\u0009\u0009\u0009VARCHAR(50) NOT NULL,\u000d\u000a\u0009TELEFONE \u0009\u0009\u0009VARCHAR(15) NOT NULL,\u000d\u000a\u0009DATANASCIMENTO \u0009\u0009DATE NOT NULL,\u000d\u000a\u0009USUARIO \u0009\u0009\u0009VARCHAR(50) NOT NULL,\u000d\u000a\u0009SENHA \u0009\u0009\u0009\u0009VARCHAR(50) NOT NULL,\u000d\u000a\u0009NUMEROCARTAO\u0009\u0009VARCHAR(10) NOT NULL,\u000d\u000a\u0009DOCUMENTO\u0009\u0009\u0009VARCHAR(15) NOT NULL,\u000d\u000a\u0009CONSTRAINT \u0009\u0009\u0009FK_TB_PASSAGEIRO_1 FOREIGN KEY(ID_ENDERECO) REFERENCES ENDERECO(ID))
CREATE TABLE HORARIO(\u000d\u000a\u0009ID \u0009\u0009\u0009\u0009\u0009BIGINT GENERATED BY DEFAULT AS IDENTITY(START WITH 1) NOT NULL PRIMARY KEY,\u000d\u000a\u0009ID_AVIAO\u0009\u0009\u0009BIGINT NOT NULL,\u000d\u000a\u0009ID_ROTA\u0009\u0009\u0009\u0009BIGINT NOT NULL,\u000d\u000a\u0009PARTIDA\u0009\u0009 \u0009\u0009DATE NOT NULL,\u000d\u000a\u0009CHEGADA\u0009\u0009 \u0009\u0009DATE NOT NULL,\u000d\u000a\u0009CODIGO\u0009\u0009\u0009\u0009VARCHAR(15) NOT NULL,\u000d\u000a\u0009QTD_ECONOMICA\u0009\u0009INTEGER NOT NULL,\u000d\u000a\u0009QTD_EXECUTIVA\u0009\u0009INTEGER NOT NULL,\u000d\u000a\u0009QTD_PRIMEIRA\u0009\u0009INTEGER NOT NULL,\u000d\u000a\u0009CONSTRAINT \u0009\u0009\u0009FK_TB_HORARIO_1 FOREIGN KEY(ID_AVIAO) REFERENCES AVIAO(ID),\u000d\u000a\u0009CONSTRAINT \u0009\u0009\u0009FK_TB_HORARIO_2 FOREIGN KEY(ID_ROTA)  REFERENCES ROTA(ID))
CREATE TABLE BILHETE(\u000d\u000a\u0009ID \u0009\u0009\u0009\u0009\u0009BIGINT GENERATED BY DEFAULT AS IDENTITY(START WITH 1) NOT NULL PRIMARY KEY,\u000d\u000a\u0009ID_PASSAGEIRO\u0009\u0009BIGINT NOT NULL,\u000d\u000a\u0009ID_HORARIO\u0009\u0009\u0009BIGINT NOT NULL,\u000d\u000a\u0009NUMERO\u0009\u0009\u0009\u0009INTEGER NOT NULL,\u000d\u000a\u0009ASSENTO\u0009\u0009\u0009\u0009VARCHAR(10) NOT NULL,\u000d\u000a\u0009TIPO\u0009\u0009\u0009\u0009VARCHAR(10) NOT NULL,\u000d\u000a\u0009SITUACAO\u0009\u0009\u0009VARCHAR(10) NOT NULL,\u000d\u000a\u0009CONSTRAINT \u0009\u0009\u0009FK_TB_BILHETE_1 FOREIGN KEY(ID_PASSAGEIRO) REFERENCES PASSAGEIRO(ID),\u000d\u000a\u0009CONSTRAINT \u0009\u0009\u0009FK_TB_BILHETE_2 FOREIGN KEY(ID_HORARIO)  REFERENCES HORARIO(ID))
CREATE TABLE BAGAGEM(\u000d\u000a\u0009ID \u0009\u0009\u0009\u0009\u0009BIGINT GENERATED BY DEFAULT AS IDENTITY(START WITH 1) NOT NULL PRIMARY KEY,\u000d\u000a\u0009ID_BILHETE\u0009\u0009\u0009BIGINT NOT NULL,\u000d\u000a\u0009PESO\u0009\u0009\u0009\u0009DOUBLE NOT NULL,\u000d\u000a\u0009TIPO\u0009\u0009\u0009\u0009VARCHAR(10) NOT NULL,\u000d\u000a\u0009CONSTRAINT \u0009\u0009\u0009FK_TB_BAGAGEM_1 FOREIGN KEY(ID_BILHETE) REFERENCES BILHETE(ID))
